2025/08/30 21:54:29 [warn] 1#1: the "listen ... http2" directive is deprecated, use the "http2" directive instead in /etc/nginx/nginx.conf:51
2025/08/30 21:54:29 [emerg] 1#1: unexpected end of file, expecting "}" in /etc/nginx/nginx.conf:128
2025/08/30 21:54:30 [warn] 1#1: the "listen ... http2" directive is deprecated, use the "http2" directive instead in /etc/nginx/nginx.conf:51
2025/08/30 21:54:30 [emerg] 1#1: unexpected end of file, expecting "}" in /etc/nginx/nginx.conf:128
2025/08/30 21:54:31 [warn] 1#1: the "listen ... http2" directive is deprecated, use the "http2" directive instead in /etc/nginx/nginx.conf:51
2025/08/30 21:54:31 [emerg] 1#1: unexpected end of file, expecting "}" in /etc/nginx/nginx.conf:128
2025/08/30 21:54:32 [warn] 1#1: the "listen ... http2" directive is deprecated, use the "http2" directive instead in /etc/nginx/nginx.conf:51
2025/08/30 21:54:32 [emerg] 1#1: unexpected end of file, expecting "}" in /etc/nginx/nginx.conf:128
2025/08/30 21:54:33 [warn] 1#1: the "listen ... http2" directive is deprecated, use the "http2" directive instead in /etc/nginx/nginx.conf:51
2025/08/30 21:54:33 [emerg] 1#1: unexpected end of file, expecting "}" in /etc/nginx/nginx.conf:128
2025/08/30 21:54:35 [warn] 1#1: the "listen ... http2" directive is deprecated, use the "http2" directive instead in /etc/nginx/nginx.conf:51
2025/08/30 21:54:35 [emerg] 1#1: unexpected end of file, expecting "}" in /etc/nginx/nginx.conf:128
2025/08/30 21:54:39 [warn] 1#1: the "listen ... http2" directive is deprecated, use the "http2" directive instead in /etc/nginx/nginx.conf:51
2025/08/30 21:54:39 [emerg] 1#1: unexpected end of file, expecting "}" in /etc/nginx/nginx.conf:128
2025/08/30 21:54:46 [warn] 1#1: the "listen ... http2" directive is deprecated, use the "http2" directive instead in /etc/nginx/nginx.conf:51
2025/08/30 21:54:46 [emerg] 1#1: unexpected end of file, expecting "}" in /etc/nginx/nginx.conf:128
2025/08/30 21:54:59 [warn] 1#1: the "listen ... http2" directive is deprecated, use the "http2" directive instead in /etc/nginx/nginx.conf:51
2025/08/30 21:54:59 [emerg] 1#1: unexpected end of file, expecting "}" in /etc/nginx/nginx.conf:128
2025/08/30 21:55:25 [warn] 1#1: the "listen ... http2" directive is deprecated, use the "http2" directive instead in /etc/nginx/nginx.conf:51
2025/08/30 21:55:25 [emerg] 1#1: unexpected end of file, expecting "}" in /etc/nginx/nginx.conf:128
2025/08/30 21:56:17 [warn] 1#1: the "listen ... http2" directive is deprecated, use the "http2" directive instead in /etc/nginx/nginx.conf:51
2025/08/30 21:56:17 [emerg] 1#1: unexpected end of file, expecting "}" in /etc/nginx/nginx.conf:128
2025/08/30 21:56:54 [error] 20#20: *2 connect() failed (111: Connection refused) while connecting to upstream, client: 172.20.0.1, server: localhost, request: "GET /api/ HTTP/1.1", upstream: "http://172.20.0.3:3001/", host: "localhost:8443"
2025/08/31 02:32:13 [emerg] 1#1: host not found in upstream "frontend" in /etc/nginx/nginx.conf:40
2025/08/31 02:32:19 [emerg] 1#1: host not found in upstream "frontend" in /etc/nginx/nginx.conf:40
2025/08/31 02:32:25 [emerg] 1#1: host not found in upstream "frontend" in /etc/nginx/nginx.conf:40
2025/08/31 02:32:31 [emerg] 1#1: host not found in upstream "frontend" in /etc/nginx/nginx.conf:40
2025/08/31 02:32:38 [emerg] 1#1: host not found in upstream "frontend" in /etc/nginx/nginx.conf:40
2025/08/31 02:32:44 [emerg] 1#1: host not found in upstream "frontend" in /etc/nginx/nginx.conf:40
2025/08/31 02:32:51 [emerg] 1#1: host not found in upstream "frontend" in /etc/nginx/nginx.conf:40
2025/08/31 02:33:01 [emerg] 1#1: host not found in upstream "frontend" in /etc/nginx/nginx.conf:40
2025/08/31 02:33:18 [emerg] 1#1: host not found in upstream "frontend" in /etc/nginx/nginx.conf:40
2025/08/31 02:33:48 [emerg] 1#1: host not found in upstream "frontend" in /etc/nginx/nginx.conf:40
2025/08/31 02:34:44 [emerg] 1#1: host not found in upstream "frontend" in /etc/nginx/nginx.conf:40
2025/08/31 02:35:48 [emerg] 1#1: host not found in upstream "frontend" in /etc/nginx/nginx.conf:40
2025/08/31 02:36:52 [emerg] 1#1: host not found in upstream "frontend" in /etc/nginx/nginx.conf:40
2025/08/31 02:37:56 [emerg] 1#1: host not found in upstream "frontend" in /etc/nginx/nginx.conf:40
2025/08/31 02:39:00 [emerg] 1#1: host not found in upstream "frontend" in /etc/nginx/nginx.conf:40
2025/08/31 02:40:04 [emerg] 1#1: host not found in upstream "frontend" in /etc/nginx/nginx.conf:40
2025/08/31 02:41:08 [emerg] 1#1: host not found in upstream "frontend" in /etc/nginx/nginx.conf:40
2025/08/31 02:42:12 [emerg] 1#1: host not found in upstream "frontend" in /etc/nginx/nginx.conf:40
2025/08/31 02:43:16 [emerg] 1#1: host not found in upstream "bible-frontend" in /etc/nginx/nginx.conf:40
2025/08/31 02:44:20 [emerg] 1#1: host not found in upstream "bible-frontend" in /etc/nginx/nginx.conf:40
2025/08/31 02:45:24 [emerg] 1#1: host not found in upstream "bible-frontend" in /etc/nginx/nginx.conf:40
2025/08/31 02:46:01 [emerg] 1#1: host not found in upstream "bible-frontend" in /etc/nginx/nginx.conf:40
2025/08/31 02:46:07 [emerg] 1#1: host not found in upstream "bible-frontend" in /etc/nginx/nginx.conf:40
2025/08/31 02:46:13 [emerg] 1#1: host not found in upstream "bible-frontend" in /etc/nginx/nginx.conf:40
2025/08/31 02:46:20 [emerg] 1#1: host not found in upstream "bible-frontend" in /etc/nginx/nginx.conf:40
2025/08/31 02:46:26 [emerg] 1#1: host not found in upstream "bible-frontend" in /etc/nginx/nginx.conf:40
2025/08/31 02:46:32 [emerg] 1#1: host not found in upstream "bible-frontend" in /etc/nginx/nginx.conf:40
2025/08/31 02:46:39 [emerg] 1#1: host not found in upstream "bible-frontend" in /etc/nginx/nginx.conf:40
2025/08/31 02:46:49 [emerg] 1#1: host not found in upstream "bible-frontend" in /etc/nginx/nginx.conf:40
2025/08/31 02:47:07 [emerg] 1#1: host not found in upstream "bible-frontend" in /etc/nginx/nginx.conf:40
2025/08/31 02:47:36 [emerg] 1#1: host not found in upstream "bible-frontend" in /etc/nginx/nginx.conf:40
2025/08/31 02:48:31 [emerg] 1#1: host not found in upstream "bible-frontend" in /etc/nginx/nginx.conf:40
2025/08/31 02:49:35 [emerg] 1#1: host not found in upstream "bible-frontend" in /etc/nginx/nginx.conf:40
2025/08/31 02:50:39 [emerg] 1#1: host not found in upstream "bible-frontend" in /etc/nginx/nginx.conf:40
2025/08/31 02:51:44 [emerg] 1#1: host not found in upstream "bible-frontend" in /etc/nginx/nginx.conf:40
2025/08/31 02:52:48 [emerg] 1#1: host not found in upstream "bible-frontend" in /etc/nginx/nginx.conf:40
2025/08/31 02:53:52 [emerg] 1#1: host not found in upstream "bible-frontend" in /etc/nginx/nginx.conf:40
2025/08/31 02:54:56 [emerg] 1#1: host not found in upstream "bible-frontend" in /etc/nginx/nginx.conf:40
2025/08/31 02:56:00 [emerg] 1#1: host not found in upstream "bible-frontend" in /etc/nginx/nginx.conf:40
2025/08/31 02:57:04 [emerg] 1#1: host not found in upstream "bible-frontend" in /etc/nginx/nginx.conf:40
2025/08/31 02:58:10 [emerg] 1#1: host not found in upstream "bible-frontend" in /etc/nginx/nginx.conf:40
2025/08/31 02:59:17 [emerg] 1#1: host not found in upstream "bible-frontend" in /etc/nginx/nginx.conf:40
